# JRE version: Java(TM) SE Runtime Environment (8.0_171-b11) (build 1.8.0_171-b11)
# Java VM: Java HotSpot(TM) 64-Bit Server VM (25.171-b11 mixed mode windows-amd64 compressed oops)
Heap:
 PSYoungGen      total 9216K, used 8110K [0x00000000f6580000, 0x00000000f6f80000, 0x0000000100000000)
  eden space 8192K, 86% used [0x00000000f6580000,0x00000000f6c6f8a0,0x00000000f6d80000)
  from space 1024K, 98% used [0x00000000f6e80000,0x00000000f6f7c040,0x00000000f6f80000)
  to   space 1024K, 0% used [0x00000000f6d80000,0x00000000f6d80000,0x00000000f6e80000)
 ParOldGen       total 20480K, used 11784K [0x00000000e3000000, 0x00000000e4400000, 0x00000000f6580000)
  object space 20480K, 57% used [0x00000000e3000000,0x00000000e3b82160,0x00000000e4400000)
 Metaspace       used 18856K, capacity 19178K, committed 19328K, reserved 1067008K
  class space    used 2303K, capacity 2367K, committed 2432K, reserved 1048576K
GC Heap History (8 events):
Event: 15.867 GC heap before
{Heap before GC invocations=1 (full 0):
 PSYoungGen      total 9216K, used 7762K [0x00000000f6580000, 0x00000000f6f80000, 0x0000000100000000)
  eden space 8192K, 94% used [0x00000000f6580000,0x00000000f6d14be8,0x00000000f6d80000)
  from space 1024K, 0% used [0x00000000f6e80000,0x00000000f6e80000,0x00000000f6f80000)
  to   space 1024K, 0% used [0x00000000f6d80000,0x00000000f6d80000,0x00000000f6e80000)
 ParOldGen       total 20480K, used 0K [0x00000000e3000000, 0x00000000e4400000, 0x00000000f6580000)
  object space 20480K, 0% used [0x00000000e3000000,0x00000000e3000000,0x00000000e4400000)
 Metaspace       used 10430K, capacity 10654K, committed 10880K, reserved 1058816K
  class space    used 1250K, capacity 1356K, committed 1408K, reserved 1048576K
Event: 15.946 GC heap after
Heap after GC invocations=1 (full 0):
 PSYoungGen      total 9216K, used 993K [0x00000000f6580000, 0x00000000f6f80000, 0x0000000100000000)
  eden space 8192K, 0% used [0x00000000f6580000,0x00000000f6580000,0x00000000f6d80000)
  from space 1024K, 97% used [0x00000000f6d80000,0x00000000f6e78600,0x00000000f6e80000)
  to   space 1024K, 0% used [0x00000000f6e80000,0x00000000f6e80000,0x00000000f6f80000)
 ParOldGen       total 20480K, used 1280K [0x00000000e3000000, 0x00000000e4400000, 0x00000000f6580000)
  object space 20480K, 6% used [0x00000000e3000000,0x00000000e3140348,0x00000000e4400000)
 Metaspace       used 10430K, capacity 10654K, committed 10880K, reserved 1058816K
  class space    used 1250K, capacity 1356K, committed 1408K, reserved 1048576K
}
Event: 24.466 GC heap before
{Heap before GC invocations=2 (full 0):
 PSYoungGen      total 9216K, used 9185K [0x00000000f6580000, 0x00000000f6f80000, 0x0000000100000000)
  eden space 8192K, 100% used [0x00000000f6580000,0x00000000f6d80000,0x00000000f6d80000)
  from space 1024K, 97% used [0x00000000f6d80000,0x00000000f6e78600,0x00000000f6e80000)
  to   space 1024K, 0% used [0x00000000f6e80000,0x00000000f6e80000,0x00000000f6f80000)
 ParOldGen       total 20480K, used 1280K [0x00000000e3000000, 0x00000000e4400000, 0x00000000f6580000)
  object space 20480K, 6% used [0x00000000e3000000,0x00000000e3140348,0x00000000e4400000)
 Metaspace       used 13720K, capacity 14002K, committed 14208K, reserved 1060864K
  class space    used 1772K, capacity 1845K, committed 1920K, reserved 1048576K
Event: 24.550 GC heap after
Heap after GC invocations=2 (full 0):
 PSYoungGen      total 9216K, used 1009K [0x00000000f6580000, 0x00000000f6f80000, 0x0000000100000000)
  eden space 8192K, 0% used [0x00000000f6580000,0x00000000f6580000,0x00000000f6d80000)
  from space 1024K, 98% used [0x00000000f6e80000,0x00000000f6f7c5f0,0x00000000f6f80000)
  to   space 1024K, 0% used [0x00000000f6d80000,0x00000000f6d80000,0x00000000f6e80000)
 ParOldGen       total 20480K, used 8784K [0x00000000e3000000, 0x00000000e4400000, 0x00000000f6580000)
  object space 20480K, 42% used [0x00000000e3000000,0x00000000e38942d8,0x00000000e4400000)
 Metaspace       used 13720K, capacity 14002K, committed 14208K, reserved 1060864K
  class space    used 1772K, capacity 1845K, committed 1920K, reserved 1048576K
}
Event: 27.719 GC heap before
{Heap before GC invocations=3 (full 0):
 PSYoungGen      total 9216K, used 9201K [0x00000000f6580000, 0x00000000f6f80000, 0x0000000100000000)
  eden space 8192K, 100% used [0x00000000f6580000,0x00000000f6d80000,0x00000000f6d80000)
  from space 1024K, 98% used [0x00000000f6e80000,0x00000000f6f7c5f0,0x00000000f6f80000)
  to   space 1024K, 0% used [0x00000000f6d80000,0x00000000f6d80000,0x00000000f6e80000)
 ParOldGen       total 20480K, used 8784K [0x00000000e3000000, 0x00000000e4400000, 0x00000000f6580000)
  object space 20480K, 42% used [0x00000000e3000000,0x00000000e38942d8,0x00000000e4400000)
 Metaspace       used 16592K, capacity 16888K, committed 17024K, reserved 1064960K
  class space    used 2037K, capacity 2102K, committed 2176K, reserved 1048576K
Event: 27.734 GC heap after
Heap after GC invocations=3 (full 0):
 PSYoungGen      total 9216K, used 992K [0x00000000f6580000, 0x00000000f6f80000, 0x0000000100000000)
  eden space 8192K, 0% used [0x00000000f6580000,0x00000000f6580000,0x00000000f6d80000)
  from space 1024K, 96% used [0x00000000f6d80000,0x00000000f6e78050,0x00000000f6e80000)
  to   space 1024K, 0% used [0x00000000f6e80000,0x00000000f6e80000,0x00000000f6f80000)
 ParOldGen       total 20480K, used 10917K [0x00000000e3000000, 0x00000000e4400000, 0x00000000f6580000)
  object space 20480K, 53% used [0x00000000e3000000,0x00000000e3aa9710,0x00000000e4400000)
 Metaspace       used 16592K, capacity 16888K, committed 17024K, reserved 1064960K
  class space    used 2037K, capacity 2102K, committed 2176K, reserved 1048576K
}
Event: 52.644 GC heap before
{Heap before GC invocations=4 (full 0):
 PSYoungGen      total 9216K, used 9184K [0x00000000f6580000, 0x00000000f6f80000, 0x0000000100000000)
  eden space 8192K, 100% used [0x00000000f6580000,0x00000000f6d80000,0x00000000f6d80000)
  from space 1024K, 96% used [0x00000000f6d80000,0x00000000f6e78050,0x00000000f6e80000)
  to   space 1024K, 0% used [0x00000000f6e80000,0x00000000f6e80000,0x00000000f6f80000)
 ParOldGen       total 20480K, used 10917K [0x00000000e3000000, 0x00000000e4400000, 0x00000000f6580000)
  object space 20480K, 53% used [0x00000000e3000000,0x00000000e3aa9710,0x00000000e4400000)
 Metaspace       used 18484K, capacity 18786K, committed 19072K, reserved 1067008K
  class space    used 2298K, capacity 2367K, committed 2432K, reserved 1048576K
Event: 52.672 GC heap after
Heap after GC invocations=4 (full 0):
 PSYoungGen      total 9216K, used 1008K [0x00000000f6580000, 0x00000000f6f80000, 0x0000000100000000)
  eden space 8192K, 0% used [0x00000000f6580000,0x00000000f6580000,0x00000000f6d80000)
  from space 1024K, 98% used [0x00000000f6e80000,0x00000000f6f7c040,0x00000000f6f80000)
  to   space 1024K, 0% used [0x00000000f6d80000,0x00000000f6d80000,0x00000000f6e80000)
 ParOldGen       total 20480K, used 11784K [0x00000000e3000000, 0x00000000e4400000, 0x00000000f6580000)
  object space 20480K, 57% used [0x00000000e3000000,0x00000000e3b82160,0x00000000e4400000)
 Metaspace       used 18484K, capacity 18786K, committed 19072K, reserved 1067008K
  class space    used 2298K, capacity 2367K, committed 2432K, reserved 1048576K
}

