# JRE version: Java(TM) SE Runtime Environment (8.0_171-b11) (build 1.8.0_171-b11)
# Java VM: Java HotSpot(TM) 64-Bit Server VM (25.171-b11 mixed mode windows-amd64 compressed oops)
Heap:
 PSYoungGen      total 9216K, used 7293K [0x00000000f6580000, 0x00000000f6f80000, 0x0000000100000000)
  eden space 8192K, 76% used [0x00000000f6580000,0x00000000f6ba7700,0x00000000f6d80000)
  from space 1024K, 96% used [0x00000000f6d80000,0x00000000f6e78030,0x00000000f6e80000)
  to   space 1024K, 0% used [0x00000000f6e80000,0x00000000f6e80000,0x00000000f6f80000)
 ParOldGen       total 20480K, used 10834K [0x00000000e3000000, 0x00000000e4400000, 0x00000000f6580000)
  object space 20480K, 52% used [0x00000000e3000000,0x00000000e3a94a60,0x00000000e4400000)
 Metaspace       used 17556K, capacity 17862K, committed 18048K, reserved 1064960K
  class space    used 2115K, capacity 2167K, committed 2176K, reserved 1048576K
GC Heap History (6 events):
Event: 5.852 GC heap before
{Heap before GC invocations=1 (full 0):
 PSYoungGen      total 9216K, used 7725K [0x00000000f6580000, 0x00000000f6f80000, 0x0000000100000000)
  eden space 8192K, 94% used [0x00000000f6580000,0x00000000f6d0b5c8,0x00000000f6d80000)
  from space 1024K, 0% used [0x00000000f6e80000,0x00000000f6e80000,0x00000000f6f80000)
  to   space 1024K, 0% used [0x00000000f6d80000,0x00000000f6d80000,0x00000000f6e80000)
 ParOldGen       total 20480K, used 0K [0x00000000e3000000, 0x00000000e4400000, 0x00000000f6580000)
  object space 20480K, 0% used [0x00000000e3000000,0x00000000e3000000,0x00000000e4400000)
 Metaspace       used 10424K, capacity 10654K, committed 10880K, reserved 1058816K
  class space    used 1250K, capacity 1356K, committed 1408K, reserved 1048576K
Event: 5.882 GC heap after
Heap after GC invocations=1 (full 0):
 PSYoungGen      total 9216K, used 1009K [0x00000000f6580000, 0x00000000f6f80000, 0x0000000100000000)
  eden space 8192K, 0% used [0x00000000f6580000,0x00000000f6580000,0x00000000f6d80000)
  from space 1024K, 98% used [0x00000000f6d80000,0x00000000f6e7c5f0,0x00000000f6e80000)
  to   space 1024K, 0% used [0x00000000f6e80000,0x00000000f6e80000,0x00000000f6f80000)
 ParOldGen       total 20480K, used 1324K [0x00000000e3000000, 0x00000000e4400000, 0x00000000f6580000)
  object space 20480K, 6% used [0x00000000e3000000,0x00000000e314b070,0x00000000e4400000)
 Metaspace       used 10424K, capacity 10654K, committed 10880K, reserved 1058816K
  class space    used 1250K, capacity 1356K, committed 1408K, reserved 1048576K
}
Event: 48.520 GC heap before
{Heap before GC invocations=2 (full 0):
 PSYoungGen      total 9216K, used 9201K [0x00000000f6580000, 0x00000000f6f80000, 0x0000000100000000)
  eden space 8192K, 100% used [0x00000000f6580000,0x00000000f6d80000,0x00000000f6d80000)
  from space 1024K, 98% used [0x00000000f6d80000,0x00000000f6e7c5f0,0x00000000f6e80000)
  to   space 1024K, 0% used [0x00000000f6e80000,0x00000000f6e80000,0x00000000f6f80000)
 ParOldGen       total 20480K, used 1324K [0x00000000e3000000, 0x00000000e4400000, 0x00000000f6580000)
  object space 20480K, 6% used [0x00000000e3000000,0x00000000e314b070,0x00000000e4400000)
 Metaspace       used 14688K, capacity 14976K, committed 15360K, reserved 1062912K
  class space    used 1869K, capacity 1938K, committed 2048K, reserved 1048576K
Event: 48.616 GC heap after
Heap after GC invocations=2 (full 0):
 PSYoungGen      total 9216K, used 1024K [0x00000000f6580000, 0x00000000f6f80000, 0x0000000100000000)
  eden space 8192K, 0% used [0x00000000f6580000,0x00000000f6580000,0x00000000f6d80000)
  from space 1024K, 100% used [0x00000000f6e80000,0x00000000f6f80000,0x00000000f6f80000)
  to   space 1024K, 0% used [0x00000000f6d80000,0x00000000f6d80000,0x00000000f6e80000)
 ParOldGen       total 20480K, used 9103K [0x00000000e3000000, 0x00000000e4400000, 0x00000000f6580000)
  object space 20480K, 44% used [0x00000000e3000000,0x00000000e38e3f00,0x00000000e4400000)
 Metaspace       used 14688K, capacity 14976K, committed 15360K, reserved 1062912K
  class space    used 1869K, capacity 1938K, committed 2048K, reserved 1048576K
}
Event: 52.859 GC heap before
{Heap before GC invocations=3 (full 0):
 PSYoungGen      total 9216K, used 9216K [0x00000000f6580000, 0x00000000f6f80000, 0x0000000100000000)
  eden space 8192K, 100% used [0x00000000f6580000,0x00000000f6d80000,0x00000000f6d80000)
  from space 1024K, 100% used [0x00000000f6e80000,0x00000000f6f80000,0x00000000f6f80000)
  to   space 1024K, 0% used [0x00000000f6d80000,0x00000000f6d80000,0x00000000f6e80000)
 ParOldGen       total 20480K, used 9103K [0x00000000e3000000, 0x00000000e4400000, 0x00000000f6580000)
  object space 20480K, 44% used [0x00000000e3000000,0x00000000e38e3f00,0x00000000e4400000)
 Metaspace       used 16648K, capacity 16888K, committed 17280K, reserved 1064960K
  class space    used 2039K, capacity 2102K, committed 2176K, reserved 1048576K
Event: 52.872 GC heap after
Heap after GC invocations=3 (full 0):
 PSYoungGen      total 9216K, used 992K [0x00000000f6580000, 0x00000000f6f80000, 0x0000000100000000)
  eden space 8192K, 0% used [0x00000000f6580000,0x00000000f6580000,0x00000000f6d80000)
  from space 1024K, 96% used [0x00000000f6d80000,0x00000000f6e78030,0x00000000f6e80000)
  to   space 1024K, 0% used [0x00000000f6e80000,0x00000000f6e80000,0x00000000f6f80000)
 ParOldGen       total 20480K, used 10834K [0x00000000e3000000, 0x00000000e4400000, 0x00000000f6580000)
  object space 20480K, 52% used [0x00000000e3000000,0x00000000e3a94a60,0x00000000e4400000)
 Metaspace       used 16648K, capacity 16888K, committed 17280K, reserved 1064960K
  class space    used 2039K, capacity 2102K, committed 2176K, reserved 1048576K
}

